2/8/2022, 6:18:41 PM - INFO - Server is running on port: 3030 
2/8/2022, 6:32:42 PM - INFO - Server is running on port: 3030 
2/8/2022, 6:43:57 PM - INFO - Server is running on port: 3030 
2/8/2022, 7:15:09 PM - INFO - Server is running on port: 3030 
2/8/2022, 7:15:46 PM - ERROR - while finding user u101 | ReferenceError: logger is not defined (sid: 3RmETpndq_5VYEzd9G-qRMbNabruEb7e)
2/8/2022, 7:15:46 PM - ERROR - Failed to get user | ReferenceError: logger is not defined (sid: 3RmETpndq_5VYEzd9G-qRMbNabruEb7e)
2/8/2022, 7:15:51 PM - ERROR - while finding user u101 | ReferenceError: logger is not defined (sid: j_TvKtFcUiWgKX45oF-REG5ZNwBOZkih)
2/8/2022, 7:15:51 PM - ERROR - Failed to get user | ReferenceError: logger is not defined (sid: j_TvKtFcUiWgKX45oF-REG5ZNwBOZkih)
2/8/2022, 7:15:52 PM - ERROR - while finding user u101 | ReferenceError: logger is not defined (sid: P6eo9AWsOgMEIMo8PwI6XhN6rKJtrVE5)
2/8/2022, 7:15:52 PM - ERROR - Failed to get user | ReferenceError: logger is not defined (sid: P6eo9AWsOgMEIMo8PwI6XhN6rKJtrVE5)
2/8/2022, 7:16:13 PM - ERROR - while finding user u101 | ReferenceError: logger is not defined (sid: XD_-lPbCDI3L03rerR24fAS9NoJaheOu)
2/8/2022, 7:16:13 PM - ERROR - Failed to get user | ReferenceError: logger is not defined (sid: XD_-lPbCDI3L03rerR24fAS9NoJaheOu)
2/8/2022, 7:16:13 PM - ERROR - while finding user u101 | ReferenceError: logger is not defined (sid: waJMJaahcjE0expzlXNPEN3N6BRBs3TA)
2/8/2022, 7:16:13 PM - ERROR - Failed to get user | ReferenceError: logger is not defined (sid: waJMJaahcjE0expzlXNPEN3N6BRBs3TA)
2/8/2022, 7:16:13 PM - ERROR - while finding user u101 | ReferenceError: logger is not defined (sid: vTdu4ePJOtRFS5-ooCHHjffZP4wlYIz2)
2/8/2022, 7:16:13 PM - ERROR - Failed to get user | ReferenceError: logger is not defined (sid: vTdu4ePJOtRFS5-ooCHHjffZP4wlYIz2)
2/8/2022, 7:16:15 PM - ERROR - while finding user u101 | ReferenceError: logger is not defined (sid: HnFctIk-tOaBiPmzeOxoC7-msc3wjsOV)
2/8/2022, 7:16:15 PM - ERROR - Failed to get user | ReferenceError: logger is not defined (sid: HnFctIk-tOaBiPmzeOxoC7-msc3wjsOV)
2/8/2022, 7:16:15 PM - ERROR - while finding user u101 | ReferenceError: logger is not defined (sid: XGQ6Ii2AF3yUyA8zUhF_6Qt3bvQ0t_Hj)
2/8/2022, 7:16:15 PM - ERROR - Failed to get user | ReferenceError: logger is not defined (sid: XGQ6Ii2AF3yUyA8zUhF_6Qt3bvQ0t_Hj)
2/8/2022, 7:16:22 PM - ERROR - while finding user u101 | ReferenceError: logger is not defined (sid: 8vIs7RivU62Bz9ymGTKWAUbH_pRXI7kJ)
2/8/2022, 7:16:22 PM - ERROR - Failed to get user | ReferenceError: logger is not defined (sid: 8vIs7RivU62Bz9ymGTKWAUbH_pRXI7kJ)
2/8/2022, 7:16:43 PM - ERROR - while finding user u101 | ReferenceError: logger is not defined (sid: cq2ieo7acwhUwsWJi_N1TIarQg6RPlrC)
2/8/2022, 7:16:43 PM - ERROR - Failed to get user | ReferenceError: logger is not defined (sid: cq2ieo7acwhUwsWJi_N1TIarQg6RPlrC)
2/8/2022, 7:16:43 PM - ERROR - while finding user u101 | ReferenceError: logger is not defined (sid: hhHpc8SN2IeGo9f5SSCUcYWgBlnCQoZK)
2/8/2022, 7:16:43 PM - ERROR - Failed to get user | ReferenceError: logger is not defined (sid: hhHpc8SN2IeGo9f5SSCUcYWgBlnCQoZK)
2/8/2022, 7:16:43 PM - ERROR - while finding user u101 | ReferenceError: logger is not defined (sid: m7APLVdX3aoiSIaWsbkx8tfjH8ql9oV3)
2/8/2022, 7:16:43 PM - ERROR - Failed to get user | ReferenceError: logger is not defined (sid: m7APLVdX3aoiSIaWsbkx8tfjH8ql9oV3)
2/8/2022, 7:17:15 PM - ERROR - while finding user u101 | ReferenceError: logger is not defined (sid: g1HHmb6nODaQWFzOZJ5lebGK0WcU3i5N)
2/8/2022, 7:17:15 PM - ERROR - Failed to get user | ReferenceError: logger is not defined (sid: g1HHmb6nODaQWFzOZJ5lebGK0WcU3i5N)
2/9/2022, 4:54:27 PM - INFO - Server is running on port: 3000 
2/9/2022, 4:55:19 PM - INFO - Server is running on port: 3030 
2/9/2022, 4:58:54 PM - ERROR - while finding user u101 | ReferenceError: logger is not defined (sid: M0YHQkUds9_SfhOQBpYag1h-cSx5wCgd)
2/9/2022, 4:58:54 PM - ERROR - Failed to get user | ReferenceError: logger is not defined (sid: M0YHQkUds9_SfhOQBpYag1h-cSx5wCgd)
2/9/2022, 4:58:57 PM - ERROR - while finding user u101 | ReferenceError: logger is not defined (sid: wfEWWY1NNtFdbYSiiH0DqpKMdcfWFnzJ)
2/9/2022, 4:58:57 PM - ERROR - Failed to get user | ReferenceError: logger is not defined (sid: wfEWWY1NNtFdbYSiiH0DqpKMdcfWFnzJ)
2/9/2022, 4:58:58 PM - ERROR - while finding user u101 | ReferenceError: logger is not defined (sid: njPT6es7VzhO3H4EMhObFd3iYpfFTp8W)
2/9/2022, 4:58:58 PM - ERROR - Failed to get user | ReferenceError: logger is not defined (sid: njPT6es7VzhO3H4EMhObFd3iYpfFTp8W)
2/9/2022, 4:59:19 PM - ERROR - while finding user u101 | ReferenceError: logger is not defined (sid: 86XWg73ICVZPTbOP6yFfd8tCMiCYY-aO)
2/9/2022, 4:59:19 PM - ERROR - Failed to get user | ReferenceError: logger is not defined (sid: 86XWg73ICVZPTbOP6yFfd8tCMiCYY-aO)
2/9/2022, 4:59:19 PM - ERROR - while finding user u101 | ReferenceError: logger is not defined (sid: TWvV-RT1Df8wTvkVrQlwGeTIxhA3qEJt)
2/9/2022, 4:59:19 PM - ERROR - Failed to get user | ReferenceError: logger is not defined (sid: TWvV-RT1Df8wTvkVrQlwGeTIxhA3qEJt)
3/30/2022, 7:48:04 PM - INFO - Server is running on port: 3030 
3/30/2022, 7:49:05 PM - ERROR - while finding user u101 | ReferenceError: logger is not defined (sid: BbllJHeQTcjwEx3lKDTt4BLAuas-KMbb)
3/30/2022, 7:49:05 PM - ERROR - Failed to get user | ReferenceError: logger is not defined (sid: BbllJHeQTcjwEx3lKDTt4BLAuas-KMbb)
3/30/2022, 7:49:11 PM - ERROR - while finding user u101 | ReferenceError: logger is not defined (sid: Tdg-BfDT50LfsVnSKeCQ0F3dNzhvAVMF)
3/30/2022, 7:49:11 PM - ERROR - Failed to get user | ReferenceError: logger is not defined (sid: Tdg-BfDT50LfsVnSKeCQ0F3dNzhvAVMF)
3/30/2022, 7:49:22 PM - ERROR - while finding user u101 | ReferenceError: logger is not defined (sid: H8sxy6K_5GdpnclME62P_tk0eF4cuQQ0)
3/30/2022, 7:49:22 PM - ERROR - Failed to get user | ReferenceError: logger is not defined (sid: H8sxy6K_5GdpnclME62P_tk0eF4cuQQ0)
3/30/2022, 7:49:42 PM - ERROR - while finding user u101 | ReferenceError: logger is not defined (sid: ce2hCOfBjJ81-wD3mxNbnz3ikGe69ylx)
3/30/2022, 7:49:42 PM - ERROR - Failed to get user | ReferenceError: logger is not defined (sid: ce2hCOfBjJ81-wD3mxNbnz3ikGe69ylx)
3/30/2022, 7:49:52 PM - ERROR - while finding user u101 | ReferenceError: logger is not defined (sid: lAmrl7zI_AAnNhuVTA0RngSVeXt__L4X)
3/30/2022, 7:49:52 PM - ERROR - Failed to get user | ReferenceError: logger is not defined (sid: lAmrl7zI_AAnNhuVTA0RngSVeXt__L4X)
3/30/2022, 7:50:10 PM - ERROR - while finding user u101 | ReferenceError: logger is not defined (sid: LqyACko_j0AfeMTayrujzkvHJo-nzcb4)
3/30/2022, 7:50:10 PM - ERROR - Failed to get user | ReferenceError: logger is not defined (sid: LqyACko_j0AfeMTayrujzkvHJo-nzcb4)
3/30/2022, 7:50:10 PM - ERROR - while finding user u101 | ReferenceError: logger is not defined (sid: uQwQdojzNisGZRCPOPduDj4zwP0KPKhc)
3/30/2022, 7:50:10 PM - ERROR - Failed to get user | ReferenceError: logger is not defined (sid: uQwQdojzNisGZRCPOPduDj4zwP0KPKhc)
3/30/2022, 7:53:58 PM - ERROR - while finding user u101 | ReferenceError: logger is not defined (sid: lAmrl7zI_AAnNhuVTA0RngSVeXt__L4X)
3/30/2022, 7:53:58 PM - ERROR - Failed to get user | ReferenceError: logger is not defined (sid: lAmrl7zI_AAnNhuVTA0RngSVeXt__L4X)
3/30/2022, 8:00:29 PM - ERROR - while finding user u101 | ReferenceError: logger is not defined (sid: lAmrl7zI_AAnNhuVTA0RngSVeXt__L4X)
3/30/2022, 8:00:29 PM - ERROR - Failed to get user | ReferenceError: logger is not defined (sid: lAmrl7zI_AAnNhuVTA0RngSVeXt__L4X)
3/30/2022, 8:01:40 PM - ERROR - while finding user u101 | ReferenceError: logger is not defined (sid: lAmrl7zI_AAnNhuVTA0RngSVeXt__L4X)
3/30/2022, 8:01:40 PM - ERROR - Failed to get user | ReferenceError: logger is not defined (sid: lAmrl7zI_AAnNhuVTA0RngSVeXt__L4X)
3/30/2022, 8:02:10 PM - ERROR - while finding user u101 | ReferenceError: logger is not defined (sid: lAmrl7zI_AAnNhuVTA0RngSVeXt__L4X)
3/30/2022, 8:02:10 PM - ERROR - Failed to get user | ReferenceError: logger is not defined (sid: lAmrl7zI_AAnNhuVTA0RngSVeXt__L4X)
3/30/2022, 8:02:22 PM - ERROR - while finding user u101 | ReferenceError: logger is not defined (sid: lAmrl7zI_AAnNhuVTA0RngSVeXt__L4X)
3/30/2022, 8:02:22 PM - ERROR - Failed to get user | ReferenceError: logger is not defined (sid: lAmrl7zI_AAnNhuVTA0RngSVeXt__L4X)
3/30/2022, 8:02:22 PM - ERROR - while finding user u101 | ReferenceError: logger is not defined (sid: lAmrl7zI_AAnNhuVTA0RngSVeXt__L4X)
3/30/2022, 8:02:22 PM - ERROR - Failed to get user | ReferenceError: logger is not defined (sid: lAmrl7zI_AAnNhuVTA0RngSVeXt__L4X)
3/30/2022, 8:02:22 PM - ERROR - while finding user u101 | ReferenceError: logger is not defined (sid: lAmrl7zI_AAnNhuVTA0RngSVeXt__L4X)
3/30/2022, 8:02:22 PM - ERROR - Failed to get user | ReferenceError: logger is not defined (sid: lAmrl7zI_AAnNhuVTA0RngSVeXt__L4X)
3/30/2022, 8:02:22 PM - ERROR - while finding user u101 | ReferenceError: logger is not defined (sid: lAmrl7zI_AAnNhuVTA0RngSVeXt__L4X)
3/30/2022, 8:02:22 PM - ERROR - Failed to get user | ReferenceError: logger is not defined (sid: lAmrl7zI_AAnNhuVTA0RngSVeXt__L4X)
3/30/2022, 8:02:22 PM - ERROR - while finding user u101 | ReferenceError: logger is not defined (sid: lAmrl7zI_AAnNhuVTA0RngSVeXt__L4X)
3/30/2022, 8:02:22 PM - ERROR - Failed to get user | ReferenceError: logger is not defined (sid: lAmrl7zI_AAnNhuVTA0RngSVeXt__L4X)
3/30/2022, 8:02:40 PM - ERROR - while finding user u101 | ReferenceError: logger is not defined (sid: lAmrl7zI_AAnNhuVTA0RngSVeXt__L4X)
3/30/2022, 8:02:40 PM - ERROR - Failed to get user | ReferenceError: logger is not defined (sid: lAmrl7zI_AAnNhuVTA0RngSVeXt__L4X)
3/30/2022, 8:02:52 PM - ERROR - while finding user u101 | ReferenceError: logger is not defined (sid: lAmrl7zI_AAnNhuVTA0RngSVeXt__L4X)
3/30/2022, 8:02:52 PM - ERROR - Failed to get user | ReferenceError: logger is not defined (sid: lAmrl7zI_AAnNhuVTA0RngSVeXt__L4X)
3/30/2022, 8:02:52 PM - ERROR - while finding user u101 | ReferenceError: logger is not defined (sid: lAmrl7zI_AAnNhuVTA0RngSVeXt__L4X)
3/30/2022, 8:02:52 PM - ERROR - Failed to get user | ReferenceError: logger is not defined (sid: lAmrl7zI_AAnNhuVTA0RngSVeXt__L4X)
3/30/2022, 8:02:53 PM - ERROR - while finding user u101 | ReferenceError: logger is not defined (sid: lAmrl7zI_AAnNhuVTA0RngSVeXt__L4X)
3/30/2022, 8:02:53 PM - ERROR - Failed to get user | ReferenceError: logger is not defined (sid: lAmrl7zI_AAnNhuVTA0RngSVeXt__L4X)
3/30/2022, 8:10:49 PM - ERROR - while finding user u101 | ReferenceError: logger is not defined (sid: lAmrl7zI_AAnNhuVTA0RngSVeXt__L4X)
3/30/2022, 8:10:49 PM - ERROR - Failed to get user | ReferenceError: logger is not defined (sid: lAmrl7zI_AAnNhuVTA0RngSVeXt__L4X)
3/30/2022, 8:11:19 PM - ERROR - while finding user u101 | ReferenceError: logger is not defined (sid: lAmrl7zI_AAnNhuVTA0RngSVeXt__L4X)
3/30/2022, 8:11:19 PM - ERROR - Failed to get user | ReferenceError: logger is not defined (sid: lAmrl7zI_AAnNhuVTA0RngSVeXt__L4X)
3/30/2022, 8:11:21 PM - ERROR - while finding user u101 | ReferenceError: logger is not defined (sid: lAmrl7zI_AAnNhuVTA0RngSVeXt__L4X)
3/30/2022, 8:11:21 PM - ERROR - Failed to get user | ReferenceError: logger is not defined (sid: lAmrl7zI_AAnNhuVTA0RngSVeXt__L4X)
3/30/2022, 8:11:21 PM - ERROR - while finding user u101 | ReferenceError: logger is not defined (sid: lAmrl7zI_AAnNhuVTA0RngSVeXt__L4X)
3/30/2022, 8:11:21 PM - ERROR - Failed to get user | ReferenceError: logger is not defined (sid: lAmrl7zI_AAnNhuVTA0RngSVeXt__L4X)
3/30/2022, 8:11:22 PM - ERROR - while finding user u101 | ReferenceError: logger is not defined (sid: lAmrl7zI_AAnNhuVTA0RngSVeXt__L4X)
3/30/2022, 8:11:22 PM - ERROR - Failed to get user | ReferenceError: logger is not defined (sid: lAmrl7zI_AAnNhuVTA0RngSVeXt__L4X)
3/30/2022, 8:11:22 PM - ERROR - while finding user u101 | ReferenceError: logger is not defined (sid: lAmrl7zI_AAnNhuVTA0RngSVeXt__L4X)
3/30/2022, 8:11:22 PM - ERROR - Failed to get user | ReferenceError: logger is not defined (sid: lAmrl7zI_AAnNhuVTA0RngSVeXt__L4X)
3/30/2022, 8:11:23 PM - ERROR - while finding user u101 | ReferenceError: logger is not defined (sid: lAmrl7zI_AAnNhuVTA0RngSVeXt__L4X)
3/30/2022, 8:11:23 PM - ERROR - Failed to get user | ReferenceError: logger is not defined (sid: lAmrl7zI_AAnNhuVTA0RngSVeXt__L4X)
3/30/2022, 8:11:50 PM - ERROR - while finding user u101 | ReferenceError: logger is not defined (sid: lAmrl7zI_AAnNhuVTA0RngSVeXt__L4X)
3/30/2022, 8:11:50 PM - ERROR - Failed to get user | ReferenceError: logger is not defined (sid: lAmrl7zI_AAnNhuVTA0RngSVeXt__L4X)
3/30/2022, 8:11:54 PM - ERROR - while finding user u101 | ReferenceError: logger is not defined (sid: lAmrl7zI_AAnNhuVTA0RngSVeXt__L4X)
3/30/2022, 8:11:54 PM - ERROR - Failed to get user | ReferenceError: logger is not defined (sid: lAmrl7zI_AAnNhuVTA0RngSVeXt__L4X)
3/30/2022, 8:12:20 PM - ERROR - while finding user u101 | ReferenceError: logger is not defined (sid: lAmrl7zI_AAnNhuVTA0RngSVeXt__L4X)
3/30/2022, 8:12:20 PM - ERROR - Failed to get user | ReferenceError: logger is not defined (sid: lAmrl7zI_AAnNhuVTA0RngSVeXt__L4X)
3/30/2022, 8:12:22 PM - ERROR - while finding user u101 | ReferenceError: logger is not defined (sid: lAmrl7zI_AAnNhuVTA0RngSVeXt__L4X)
3/30/2022, 8:12:22 PM - ERROR - Failed to get user | ReferenceError: logger is not defined (sid: lAmrl7zI_AAnNhuVTA0RngSVeXt__L4X)
3/30/2022, 8:12:22 PM - ERROR - while finding user u101 | ReferenceError: logger is not defined (sid: lAmrl7zI_AAnNhuVTA0RngSVeXt__L4X)
3/30/2022, 8:12:22 PM - ERROR - Failed to get user | ReferenceError: logger is not defined (sid: lAmrl7zI_AAnNhuVTA0RngSVeXt__L4X)
3/30/2022, 8:12:22 PM - ERROR - while finding user u101 | ReferenceError: logger is not defined (sid: lAmrl7zI_AAnNhuVTA0RngSVeXt__L4X)
3/30/2022, 8:12:22 PM - ERROR - Failed to get user | ReferenceError: logger is not defined (sid: lAmrl7zI_AAnNhuVTA0RngSVeXt__L4X)
3/30/2022, 8:12:22 PM - ERROR - while finding user u101 | ReferenceError: logger is not defined (sid: lAmrl7zI_AAnNhuVTA0RngSVeXt__L4X)
3/30/2022, 8:12:22 PM - ERROR - Failed to get user | ReferenceError: logger is not defined (sid: lAmrl7zI_AAnNhuVTA0RngSVeXt__L4X)
4/4/2022, 5:53:08 PM - ERROR - while finding user u101 | ReferenceError: logger is not defined (sid: lAmrl7zI_AAnNhuVTA0RngSVeXt__L4X)
4/4/2022, 5:53:08 PM - ERROR - Failed to get user | ReferenceError: logger is not defined (sid: lAmrl7zI_AAnNhuVTA0RngSVeXt__L4X)
4/4/2022, 5:55:17 PM - ERROR - while finding user u101 | ReferenceError: logger is not defined (sid: lAmrl7zI_AAnNhuVTA0RngSVeXt__L4X)
4/4/2022, 5:55:17 PM - ERROR - Failed to get user | ReferenceError: logger is not defined (sid: lAmrl7zI_AAnNhuVTA0RngSVeXt__L4X)
4/4/2022, 6:02:16 PM - ERROR - while finding user u101 | ReferenceError: logger is not defined (sid: lAmrl7zI_AAnNhuVTA0RngSVeXt__L4X)
4/4/2022, 6:02:16 PM - ERROR - Failed to get user | ReferenceError: logger is not defined (sid: lAmrl7zI_AAnNhuVTA0RngSVeXt__L4X)
4/4/2022, 6:02:27 PM - ERROR - while finding user u101 | ReferenceError: logger is not defined (sid: lAmrl7zI_AAnNhuVTA0RngSVeXt__L4X)
4/4/2022, 6:02:27 PM - ERROR - Failed to get user | ReferenceError: logger is not defined (sid: lAmrl7zI_AAnNhuVTA0RngSVeXt__L4X)
4/4/2022, 6:03:47 PM - INFO - Server is running on port: 3030 
4/4/2022, 6:04:24 PM - ERROR - while finding user u101 | ReferenceError: logger is not defined (sid: JImGL_y66Xx0D5zdFwZbcsNstT4V4gdZ)
4/4/2022, 6:04:24 PM - ERROR - Failed to get user | ReferenceError: logger is not defined (sid: JImGL_y66Xx0D5zdFwZbcsNstT4V4gdZ)
4/4/2022, 6:04:30 PM - ERROR - while finding user u101 | ReferenceError: logger is not defined (sid: 13DE59yWz-JJH2xMUNOzPh8dISJnRuBd)
4/4/2022, 6:04:30 PM - ERROR - Failed to get user | ReferenceError: logger is not defined (sid: 13DE59yWz-JJH2xMUNOzPh8dISJnRuBd)
4/4/2022, 6:04:51 PM - ERROR - while finding user u101 | ReferenceError: logger is not defined (sid: AUY-UvAOc3cvLvszXHhphVH348UnDFD3)
4/4/2022, 6:04:51 PM - ERROR - Failed to get user | ReferenceError: logger is not defined (sid: AUY-UvAOc3cvLvszXHhphVH348UnDFD3)
4/4/2022, 6:05:14 PM - ERROR - while finding user u101 | ReferenceError: logger is not defined (sid: VcSBD7klMKc1FnxtL1bBt71-jZY2PIMv)
4/4/2022, 6:05:14 PM - ERROR - Failed to get user | ReferenceError: logger is not defined (sid: VcSBD7klMKc1FnxtL1bBt71-jZY2PIMv)
4/4/2022, 6:05:21 PM - ERROR - while finding user u101 | ReferenceError: logger is not defined (sid: QmfeJOIFvvR3_JMOESj1szlTTt9I1QTW)
4/4/2022, 6:05:21 PM - ERROR - Failed to get user | ReferenceError: logger is not defined (sid: QmfeJOIFvvR3_JMOESj1szlTTt9I1QTW)
4/4/2022, 6:05:30 PM - ERROR - while finding user u101 | ReferenceError: logger is not defined (sid: fVnqGLBSevUEgsf2kKyzxpaJtn80hZ5B)
4/4/2022, 6:05:30 PM - ERROR - Failed to get user | ReferenceError: logger is not defined (sid: fVnqGLBSevUEgsf2kKyzxpaJtn80hZ5B)
4/4/2022, 6:05:30 PM - ERROR - while finding user u101 | ReferenceError: logger is not defined (sid: QNGfOzS7dXeJQN0Qa40E4M2RCdEiMEBX)
4/4/2022, 6:05:30 PM - ERROR - Failed to get user | ReferenceError: logger is not defined (sid: QNGfOzS7dXeJQN0Qa40E4M2RCdEiMEBX)
4/4/2022, 6:29:11 PM - ERROR - while finding user u101 | ReferenceError: logger is not defined (sid: QNGfOzS7dXeJQN0Qa40E4M2RCdEiMEBX)
4/4/2022, 6:29:11 PM - ERROR - Failed to get user | ReferenceError: logger is not defined (sid: QNGfOzS7dXeJQN0Qa40E4M2RCdEiMEBX)
4/4/2022, 6:29:29 PM - ERROR - while finding user u101 | ReferenceError: logger is not defined (sid: QNGfOzS7dXeJQN0Qa40E4M2RCdEiMEBX)
4/4/2022, 6:29:29 PM - ERROR - Failed to get user | ReferenceError: logger is not defined (sid: QNGfOzS7dXeJQN0Qa40E4M2RCdEiMEBX)
4/4/2022, 6:30:52 PM - ERROR - while finding user u101 | ReferenceError: logger is not defined (sid: QNGfOzS7dXeJQN0Qa40E4M2RCdEiMEBX)
4/4/2022, 6:30:52 PM - ERROR - Failed to get user | ReferenceError: logger is not defined (sid: QNGfOzS7dXeJQN0Qa40E4M2RCdEiMEBX)
4/4/2022, 6:40:29 PM - ERROR - while finding user u101 | ReferenceError: logger is not defined (sid: QNGfOzS7dXeJQN0Qa40E4M2RCdEiMEBX)
4/4/2022, 6:40:29 PM - ERROR - Failed to get user | ReferenceError: logger is not defined (sid: QNGfOzS7dXeJQN0Qa40E4M2RCdEiMEBX)
4/4/2022, 6:53:04 PM - ERROR - while finding user u101 | ReferenceError: logger is not defined (sid: QNGfOzS7dXeJQN0Qa40E4M2RCdEiMEBX)
4/4/2022, 6:53:04 PM - ERROR - Failed to get user | ReferenceError: logger is not defined (sid: QNGfOzS7dXeJQN0Qa40E4M2RCdEiMEBX)
4/4/2022, 8:00:47 PM - INFO - Server is running on port: 3030 
4/4/2022, 8:01:24 PM - ERROR - while finding user u101 | ReferenceError: logger is not defined (sid: LnxYsBP84fVUMGzdfXQ2125Z1zkxd6_h)
4/4/2022, 8:01:24 PM - ERROR - Failed to get user | ReferenceError: logger is not defined (sid: LnxYsBP84fVUMGzdfXQ2125Z1zkxd6_h)
4/4/2022, 8:35:04 PM - ERROR - while finding user u101 | ReferenceError: logger is not defined (sid: LnxYsBP84fVUMGzdfXQ2125Z1zkxd6_h)
4/4/2022, 8:35:04 PM - ERROR - Failed to get user | ReferenceError: logger is not defined (sid: LnxYsBP84fVUMGzdfXQ2125Z1zkxd6_h)
4/4/2022, 8:39:16 PM - ERROR - while finding user u101 | ReferenceError: logger is not defined (sid: LnxYsBP84fVUMGzdfXQ2125Z1zkxd6_h)
4/4/2022, 8:39:16 PM - ERROR - Failed to get user | ReferenceError: logger is not defined (sid: LnxYsBP84fVUMGzdfXQ2125Z1zkxd6_h)
4/4/2022, 8:41:24 PM - ERROR - while finding user u101 | ReferenceError: logger is not defined (sid: LnxYsBP84fVUMGzdfXQ2125Z1zkxd6_h)
4/4/2022, 8:41:24 PM - ERROR - Failed to get user | ReferenceError: logger is not defined (sid: LnxYsBP84fVUMGzdfXQ2125Z1zkxd6_h)
4/5/2022, 4:31:03 PM - ERROR - while finding user u101 | ReferenceError: logger is not defined (sid: LnxYsBP84fVUMGzdfXQ2125Z1zkxd6_h)
4/5/2022, 4:31:03 PM - ERROR - Failed to get user | ReferenceError: logger is not defined (sid: LnxYsBP84fVUMGzdfXQ2125Z1zkxd6_h)
4/5/2022, 6:56:13 PM - ERROR - while finding user u101 | ReferenceError: logger is not defined (sid: LnxYsBP84fVUMGzdfXQ2125Z1zkxd6_h)
4/5/2022, 6:56:13 PM - ERROR - Failed to get user | ReferenceError: logger is not defined (sid: LnxYsBP84fVUMGzdfXQ2125Z1zkxd6_h)
4/7/2022, 3:48:31 PM - INFO - Server is running on port: 3030 
4/7/2022, 3:50:43 PM - ERROR - while finding user u101 | ReferenceError: logger is not defined (sid: 0B6Idgm3JxYt1f4soT__jcRw1PlU0pkP)
4/7/2022, 3:50:43 PM - ERROR - Failed to get user | ReferenceError: logger is not defined (sid: 0B6Idgm3JxYt1f4soT__jcRw1PlU0pkP)
4/12/2022, 6:38:25 PM - ERROR - while finding user u101 | ReferenceError: logger is not defined (sid: 0B6Idgm3JxYt1f4soT__jcRw1PlU0pkP)
4/12/2022, 6:38:25 PM - ERROR - Failed to get user | ReferenceError: logger is not defined (sid: 0B6Idgm3JxYt1f4soT__jcRw1PlU0pkP)
